<?xml version="1.0" encoding="UTF-8"?>
<!-- Generated by org.testng.reporters.JUnitXMLReporter -->
<testsuite ignored="30" hostname="GWTN156-9" failures="8" tests="24" name="class27_AdvTestNG_Verify_Test" time="98.952" errors="0" timestamp="2023-12-23T10:13:16 MST">
  <testcase classname="tests_dataTables.Class2_DataTable" name="class2_DataTable" time="5.295"/>
  <testcase classname="tests_swagLab.HomePageVerification" name="homePageVerification" time="1.932"/>
  <testcase classname="tests_dataTables.HomePageVerification" name="homePageVerification" time="6.519"/>
  <testcase classname="tests_michroTech_DataProvider.HomePageVerification" name="homePageVerify1" time="0.781"/>
  <testcase classname="tests_swagLab.Test_Swag_Lab_Logout" name="logoutpage1" time="2.533"/>
  <testcase classname="tests_michroTech_Parameter_DataProvider.copy.homePage_data_Provider" name="receiveData" time="0.0">
    <failure type="org.testng.TestNGException" message="
Method public void tests_michroTech_Parameter_DataProvider.copy.homePage_data_Provider.receiveData(java.lang.String,java.lang.String,java.lang.String) requires a @DataProvider named : passData">
      <![CDATA[org.testng.TestNGException: 
Method public void tests_michroTech_Parameter_DataProvider.copy.homePage_data_Provider.receiveData(java.lang.String,java.lang.String,java.lang.String) requires a @DataProvider named : passData
at java.base/java.util.ArrayList.forEach(ArrayList.java:1511)
at java.base/java.util.concurrent.FutureTask.run(FutureTask.java:264)
at java.base/java.util.concurrent.ThreadPoolExecutor.runWorker(ThreadPoolExecutor.java:1136)
at java.base/java.util.concurrent.ThreadPoolExecutor$Worker.run(ThreadPoolExecutor.java:635)
at java.base/java.lang.Thread.run(Thread.java:833)
... Removed 14 stack frames]]>
    </failure>
  </testcase> <!-- receiveData -->
  <testcase classname="tests_michroTech_Parameter_DataProvider.copy.homePage_data_Provider2" name="receiveData" time="0.002"/>
  <testcase classname="tests_michroTech_Parameter_DataProvider.copy.homePage_data_Provider2" name="receiveData" time="0.0"/>
  <testcase classname="tests_swagLab.Test_SwagLab_AddToCard" name="test_AddToCard" time="5.422"/>
  <testcase classname="tests_michroTech_DataProvider.Test_Create_Order" name="test_Create_Order" time="10.131"/>
  <testcase classname="tests_michroTech_Parameter_DataProvider.copy.Test_Create_Order" name="test_Create_Order" time="9.106"/>
  <testcase classname="tests_michroTech_Parameter_DataProvider.copy.Test_Customer_Login" name="test_Customer_Login" time="5.567"/>
  <testcase classname="tests_michroTech_Parameter_DataProvider.copy.Test_Employee_Login" name="test_Employee_Login" time="2.534"/>
  <testcase classname="tests_swagLab.Test_Swag_Lab_Login" name="test_Swag_Lab_Login" time="33.482">
    <failure type="com.microsoft.playwright.TimeoutError" message="Error {
  message=&amp;apos;Timeout 30000ms exceeded.
=========================== logs ===========================
waiting for locator(&amp;quot;xpath=//button[@id=&amp;apos;add-to-cart-test.allthethings()-t-shirt-(red)&amp;apos;]&amp;quot;)
============================================================
  name=&amp;apos;TimeoutError
  stack=&amp;apos;TimeoutError: Timeout 30000ms exceeded.
=========================== logs ===========================
waiting for locator(&amp;quot;xpath=//button[@id=&amp;apos;add-to-cart-test.allthethings()-t-shirt-(red)&amp;apos;]&amp;quot;)
============================================================
    at ProgressController.run (C:\Users\mahfo\AppData\Local\Temp\playwright-java-15537314300515806440\package\lib\server\progress.js:88:26)
    at Frame.click (C:\Users\mahfo\AppData\Local\Temp\playwright-java-15537314300515806440\package\lib\server\frames.js:995:23)
    at FrameDispatcher.click (C:\Users\mahfo\AppData\Local\Temp\playwright-java-15537314300515806440\package\lib\server\dispatchers\frameDispatcher.js:154:30)
    at DispatcherConnection.dispatch (C:\Users\mahfo\AppData\Local\Temp\playwright-java-15537314300515806440\package\lib\server\dispatchers\dispatcher.js:346:46)
}">
      <![CDATA[com.microsoft.playwright.TimeoutError: Error {
  message='Timeout 30000ms exceeded.
=========================== logs ===========================
waiting for locator("xpath=//button[@id='add-to-cart-test.allthethings()-t-shirt-(red)']")
============================================================
  name='TimeoutError
  stack='TimeoutError: Timeout 30000ms exceeded.
=========================== logs ===========================
waiting for locator("xpath=//button[@id='add-to-cart-test.allthethings()-t-shirt-(red)']")
============================================================
    at ProgressController.run (C:\Users\mahfo\AppData\Local\Temp\playwright-java-15537314300515806440\package\lib\server\progress.js:88:26)
    at Frame.click (C:\Users\mahfo\AppData\Local\Temp\playwright-java-15537314300515806440\package\lib\server\frames.js:995:23)
    at FrameDispatcher.click (C:\Users\mahfo\AppData\Local\Temp\playwright-java-15537314300515806440\package\lib\server\dispatchers\frameDispatcher.js:154:30)
    at DispatcherConnection.dispatch (C:\Users\mahfo\AppData\Local\Temp\playwright-java-15537314300515806440\package\lib\server\dispatchers\dispatcher.js:346:46)
}
at com.microsoft.playwright.impl.WaitableResult.get(WaitableResult.java:52)
at com.microsoft.playwright.impl.ChannelOwner.runUntil(ChannelOwner.java:120)
at com.microsoft.playwright.impl.Connection.sendMessage(Connection.java:126)
at com.microsoft.playwright.impl.ChannelOwner.sendMessage(ChannelOwner.java:106)
at com.microsoft.playwright.impl.FrameImpl.clickImpl(FrameImpl.java:252)
at com.microsoft.playwright.impl.FrameImpl.lambda$click$8(FrameImpl.java:243)
at com.microsoft.playwright.impl.LoggingSupport.lambda$withLogging$0(LoggingSupport.java:36)
at com.microsoft.playwright.impl.LoggingSupport.withLogging(LoggingSupport.java:47)
at com.microsoft.playwright.impl.ChannelOwner.withLogging(ChannelOwner.java:89)
at com.microsoft.playwright.impl.LoggingSupport.withLogging(LoggingSupport.java:35)
at com.microsoft.playwright.impl.FrameImpl.click(FrameImpl.java:243)
at com.microsoft.playwright.impl.LocatorImpl.click(LocatorImpl.java:140)
at com.microsoft.playwright.Locator.click(Locator.java:2348)
at base.Base.click(Base.java:64)
at tests_swagLab.Test_Swag_Lab_Login.test_Swag_Lab_Login(Test_Swag_Lab_Login.java:26)
at java.base/java.util.ArrayList.forEach(ArrayList.java:1511)
at java.base/java.util.concurrent.FutureTask.run(FutureTask.java:264)
at java.base/java.util.concurrent.ThreadPoolExecutor.runWorker(ThreadPoolExecutor.java:1136)
at java.base/java.util.concurrent.ThreadPoolExecutor$Worker.run(ThreadPoolExecutor.java:635)
at java.base/java.lang.Thread.run(Thread.java:833)
Caused by: com.microsoft.playwright.TimeoutError: Error {
  message='Timeout 30000ms exceeded.
=========================== logs ===========================
waiting for locator("xpath=//button[@id='add-to-cart-test.allthethings()-t-shirt-(red)']")
============================================================
  name='TimeoutError
  stack='TimeoutError: Timeout 30000ms exceeded.
=========================== logs ===========================
waiting for locator("xpath=//button[@id='add-to-cart-test.allthethings()-t-shirt-(red)']")
============================================================
    at ProgressController.run (C:\Users\mahfo\AppData\Local\Temp\playwright-java-15537314300515806440\package\lib\server\progress.js:88:26)
    at Frame.click (C:\Users\mahfo\AppData\Local\Temp\playwright-java-15537314300515806440\package\lib\server\frames.js:995:23)
    at FrameDispatcher.click (C:\Users\mahfo\AppData\Local\Temp\playwright-java-15537314300515806440\package\lib\server\dispatchers\frameDispatcher.js:154:30)
    at DispatcherConnection.dispatch (C:\Users\mahfo\AppData\Local\Temp\playwright-java-15537314300515806440\package\lib\server\dispatchers\dispatcher.js:346:46)
}
at com.microsoft.playwright.impl.Connection.dispatch(Connection.java:224)
at com.microsoft.playwright.impl.Connection.processOneMessage(Connection.java:206)
at com.microsoft.playwright.impl.ChannelOwner.runUntil(ChannelOwner.java:118)
... 35 more
... Removed 17 stack frames]]>
    </failure>
  </testcase> <!-- test_Swag_Lab_Login -->
  <testcase classname="dataProvider.Read_Exc_DataProvider" name="test_readfromExcel" time="0.0">
    <failure type="org.testng.TestNGException" message="
Data Provider public void dataProvider.DataProvider_Test.Read_Excel_File1() returned a null value">
      <![CDATA[org.testng.TestNGException: 
Data Provider public void dataProvider.DataProvider_Test.Read_Excel_File1() returned a null value
at java.base/java.util.ArrayList.forEach(ArrayList.java:1511)
at java.base/java.util.concurrent.FutureTask.run(FutureTask.java:264)
at java.base/java.util.concurrent.ThreadPoolExecutor.runWorker(ThreadPoolExecutor.java:1136)
at java.base/java.util.concurrent.ThreadPoolExecutor$Worker.run(ThreadPoolExecutor.java:635)
at java.base/java.lang.Thread.run(Thread.java:833)
... Removed 14 stack frames]]>
    </failure>
  </testcase> <!-- test_readfromExcel -->
  <testcase classname="tests_michroTech_DataProvider.HomePageVerification" name="homePageVerify2" time="0.153">
    <failure type="java.lang.AssertionError" message="------homePageVerify2 Test is Fail will print---------------
	expected [Ayaat] but found [Rosy]">
      <![CDATA[java.lang.AssertionError: ------homePageVerify2 Test is Fail will print---------------
expected [Ayaat] but found [Rosy]
at tests_michroTech_DataProvider.HomePageVerification.homePageVerify2(HomePageVerification.java:31)
at java.base/java.util.ArrayList.forEach(ArrayList.java:1511)
at java.base/java.util.concurrent.FutureTask.run(FutureTask.java:264)
at java.base/java.util.concurrent.ThreadPoolExecutor.runWorker(ThreadPoolExecutor.java:1136)
at java.base/java.util.concurrent.ThreadPoolExecutor$Worker.run(ThreadPoolExecutor.java:635)
at java.base/java.lang.Thread.run(Thread.java:833)
... Removed 18 stack frames]]>
    </failure>
  </testcase> <!-- homePageVerify2 -->
  <testcase classname="tests_swagLab.Test_Swag_Lab_Logout" name="logoutpage2" time="2.575">
    <failure type="java.lang.AssertionError" message="null">
      <![CDATA[java.lang.AssertionError: null
at tests_swagLab.Test_Swag_Lab_Logout.logoutpage2(Test_Swag_Lab_Logout.java:62)
at java.base/java.util.ArrayList.forEach(ArrayList.java:1511)
at java.base/java.util.concurrent.FutureTask.run(FutureTask.java:264)
at java.base/java.util.concurrent.ThreadPoolExecutor.runWorker(ThreadPoolExecutor.java:1136)
at java.base/java.util.concurrent.ThreadPoolExecutor$Worker.run(ThreadPoolExecutor.java:635)
at java.base/java.lang.Thread.run(Thread.java:833)
... Removed 19 stack frames]]>
    </failure>
  </testcase> <!-- logoutpage2 -->
  <testcase classname="tests_michroTech_DataProvider.HomePageVerification" name="homePageVerify3" time="0.14">
    <failure type="java.lang.AssertionError" message="-------------------Home Page3 Test Fail-----------------------">
      <![CDATA[java.lang.AssertionError: -------------------Home Page3 Test Fail-----------------------
at tests_michroTech_DataProvider.HomePageVerification.homePageVerify3(HomePageVerification.java:40)
at java.base/java.util.ArrayList.forEach(ArrayList.java:1511)
at java.base/java.util.concurrent.FutureTask.run(FutureTask.java:264)
at java.base/java.util.concurrent.ThreadPoolExecutor.runWorker(ThreadPoolExecutor.java:1136)
at java.base/java.util.concurrent.ThreadPoolExecutor$Worker.run(ThreadPoolExecutor.java:635)
at java.base/java.lang.Thread.run(Thread.java:833)
... Removed 18 stack frames]]>
    </failure>
  </testcase> <!-- homePageVerify3 -->
  <testcase classname="tests_michroTech_DataProvider.Test_Employee_Login" name="test_Employee_Login" time="2.978">
    <skipped/>
  </testcase> <!-- test_Employee_Login -->
  <testcase classname="tests_michroTech_DataProvider.HomePageVerification" name="homePageVerify4" time="0.076">
    <skipped/>
  </testcase> <!-- homePageVerify4 -->
  <testcase classname="tests_swagLab.Test_Swag_Lab_Logout" name="logoutpage3" time="2.62">
    <skipped/>
  </testcase> <!-- logoutpage3 -->
  <testcase classname="tests_michroTech_DataProvider.Test_Customer_Login" name="test_Customer_Login" time="5.906"/>
  <testcase classname="tests_michroTech_DataProvider.HomePageVerification" name="homePageVerify5" time="0.064">
    <failure type="java.lang.AssertionError" message="------------homePageVerify5 Soft Assertion Done-------------
	expected [Ayaat] but found [Rosy],
	---------This stmt will be executed bcoz of Soft Assertion---------- expected [true] but found [false]">
      <![CDATA[java.lang.AssertionError: ------------homePageVerify5 Soft Assertion Done-------------
expected [Ayaat] but found [Rosy],
---------This stmt will be executed bcoz of Soft Assertion---------- expected [true] but found [false]
at tests_michroTech_DataProvider.HomePageVerification.homePageVerify5(HomePageVerification.java:59)
at java.base/java.util.ArrayList.forEach(ArrayList.java:1511)
at java.base/java.util.concurrent.FutureTask.run(FutureTask.java:264)
at java.base/java.util.concurrent.ThreadPoolExecutor.runWorker(ThreadPoolExecutor.java:1136)
at java.base/java.util.concurrent.ThreadPoolExecutor$Worker.run(ThreadPoolExecutor.java:635)
at java.base/java.lang.Thread.run(Thread.java:833)
... Removed 18 stack frames]]>
    </failure>
  </testcase> <!-- homePageVerify5 -->
  <testcase classname="tests_michroTech_DataProvider.HomePageVerification" name="homePageVerify6" time="0.068">
    <failure type="java.lang.AssertionError" message="-------No further stmt will not be executed bcoz of Hard Assertion---- expected [true] but found [false]">
      <![CDATA[java.lang.AssertionError: -------No further stmt will not be executed bcoz of Hard Assertion---- expected [true] but found [false]
at tests_michroTech_DataProvider.HomePageVerification.homePageVerify6(HomePageVerification.java:67)
at java.base/java.util.ArrayList.forEach(ArrayList.java:1511)
at java.base/java.util.concurrent.FutureTask.run(FutureTask.java:264)
at java.base/java.util.concurrent.ThreadPoolExecutor.runWorker(ThreadPoolExecutor.java:1136)
at java.base/java.util.concurrent.ThreadPoolExecutor$Worker.run(ThreadPoolExecutor.java:635)
at java.base/java.lang.Thread.run(Thread.java:833)
... Removed 20 stack frames]]>
    </failure>
  </testcase> <!-- homePageVerify6 -->
  <testcase classname="base.Base" name="@AfterSuite Close_All" time="0.0">
    <ignored/>
  </testcase> <!-- @AfterSuite Close_All -->
  <testcase classname="base.Base" name="@AfterSuite Close_All" time="0.0">
    <ignored/>
  </testcase> <!-- @AfterSuite Close_All -->
  <testcase classname="base.Base" name="@AfterSuite Close_All" time="0.0">
    <ignored/>
  </testcase> <!-- @AfterSuite Close_All -->
  <testcase classname="base.Base" name="@BeforeSuite startUp" time="0.0">
    <ignored/>
  </testcase> <!-- @BeforeSuite startUp -->
  <testcase classname="base.Base" name="@AfterSuite Close_All" time="0.0">
    <ignored/>
  </testcase> <!-- @AfterSuite Close_All -->
  <testcase classname="base.Base" name="@BeforeSuite startUp" time="0.0">
    <ignored/>
  </testcase> <!-- @BeforeSuite startUp -->
  <testcase classname="base.Base" name="@BeforeSuite startUp" time="0.0">
    <ignored/>
  </testcase> <!-- @BeforeSuite startUp -->
  <testcase classname="base.Base" name="@BeforeSuite startUp" time="0.0">
    <ignored/>
  </testcase> <!-- @BeforeSuite startUp -->
  <testcase classname="base.Base" name="@AfterSuite Close_All" time="0.0">
    <ignored/>
  </testcase> <!-- @AfterSuite Close_All -->
  <testcase classname="base.Base" name="@AfterSuite Close_All" time="0.0">
    <ignored/>
  </testcase> <!-- @AfterSuite Close_All -->
  <testcase classname="base.Base" name="@BeforeSuite startUp" time="0.0">
    <ignored/>
  </testcase> <!-- @BeforeSuite startUp -->
  <testcase classname="base.Base" name="@AfterSuite Close_All" time="0.0">
    <ignored/>
  </testcase> <!-- @AfterSuite Close_All -->
  <testcase classname="base.Base" name="@AfterSuite Close_All" time="0.0">
    <ignored/>
  </testcase> <!-- @AfterSuite Close_All -->
  <testcase classname="base.Base" name="@AfterSuite Close_All" time="0.0">
    <ignored/>
  </testcase> <!-- @AfterSuite Close_All -->
  <testcase classname="base.Base" name="@BeforeSuite startUp" time="0.0">
    <ignored/>
  </testcase> <!-- @BeforeSuite startUp -->
  <testcase classname="base.Base" name="@BeforeSuite startUp" time="0.0">
    <ignored/>
  </testcase> <!-- @BeforeSuite startUp -->
  <testcase classname="base.Base" name="@AfterSuite Close_All" time="0.0">
    <ignored/>
  </testcase> <!-- @AfterSuite Close_All -->
  <testcase classname="base.Base" name="@AfterSuite Close_All" time="0.0">
    <ignored/>
  </testcase> <!-- @AfterSuite Close_All -->
  <testcase classname="base.Base" name="@BeforeSuite startUp" time="0.0">
    <ignored/>
  </testcase> <!-- @BeforeSuite startUp -->
  <testcase classname="base.Base" name="@BeforeSuite startUp" time="0.0">
    <ignored/>
  </testcase> <!-- @BeforeSuite startUp -->
  <testcase classname="base.Base" name="@AfterSuite Close_All" time="0.0">
    <ignored/>
  </testcase> <!-- @AfterSuite Close_All -->
  <testcase classname="base.Base" name="@AfterSuite Close_All" time="0.0">
    <ignored/>
  </testcase> <!-- @AfterSuite Close_All -->
  <testcase classname="base.Base" name="@BeforeSuite startUp" time="0.0">
    <ignored/>
  </testcase> <!-- @BeforeSuite startUp -->
  <testcase classname="base.Base" name="@AfterSuite Close_All" time="0.0">
    <ignored/>
  </testcase> <!-- @AfterSuite Close_All -->
  <testcase classname="base.Base" name="@BeforeSuite startUp" time="0.0">
    <ignored/>
  </testcase> <!-- @BeforeSuite startUp -->
  <testcase classname="base.Base" name="@AfterSuite Close_All" time="0.0">
    <ignored/>
  </testcase> <!-- @AfterSuite Close_All -->
  <testcase classname="base.Base" name="@BeforeSuite startUp" time="0.0">
    <ignored/>
  </testcase> <!-- @BeforeSuite startUp -->
  <testcase classname="base.Base" name="@BeforeSuite startUp" time="0.0">
    <ignored/>
  </testcase> <!-- @BeforeSuite startUp -->
  <testcase classname="base.Base" name="@BeforeSuite startUp" time="0.0">
    <ignored/>
  </testcase> <!-- @BeforeSuite startUp -->
  <testcase classname="base.Base" name="@BeforeSuite startUp" time="0.0">
    <ignored/>
  </testcase> <!-- @BeforeSuite startUp -->
</testsuite> <!-- class27_AdvTestNG_Verify_Test -->
